<?xml version="1.0" encoding="UTF-8"?>
<!-- Generated by org.testng.reporters.JUnitReportReporter -->
<testsuite hostname="LAPTOP-PRASAD-MEDARAMETLA-PERSONAL" failures="0" tests="1" name="tests.LoginTest" time="10.135" errors="0" timestamp="2025-06-17T22:02:57 IST" skipped="0">
  <testcase classname="tests.LoginTest" name="testValidLogin" time="10.135"/>
</testsuite> <!-- tests.LoginTest -->
